Arguments: 
  /usr/local/bin/node /usr/share/yarn/bin/yarn.js init

PATH: 
  /home/hleal18/GoProjects/bin:/usr/local/go/bin:/home/hleal18/anaconda3/bin:/home/hleal18/.platformio/penv/bin:/home/hleal18/.platformio/penv:/home/hleal18/GoProjects/bin:/usr/local/go/bin:/home/hleal18/anaconda3/bin:/usr/local/sbin:/usr/local/bin:/usr/sbin:/usr/bin:/sbin:/bin:/usr/games:/usr/local/games:/snap/bin:/usr/local/android-sdk/platform-tools:/usr/local/android-sdk/tools:/usr/local/android-sdk/platform-tools:/usr/local/android-sdk/tools

Yarn version: 
  1.12.3

Node version: 
  11.10.1

Platform: 
  linux x64

Trace: 
  Error: canceled
      at Interface.<anonymous> (/usr/share/yarn/lib/cli.js:125278:13)
      at Interface.emit (events.js:197:13)
      at Interface._ttyWrite (readline.js:799:16)
      at ReadStream.onkeypress (readline.js:184:10)
      at ReadStream.emit (events.js:197:13)
      at emitKeys (internal/readline.js:424:14)
      at emitKeys.next (<anonymous>)
      at ReadStream.onData (readline.js:1071:36)
      at ReadStream.emit (events.js:197:13)
      at addChunk (_stream_readable.js:288:12)

npm manifest: 
  No manifest

yarn manifest: 
  No manifest

Lockfile: 
  No lockfile
